<?xml version="1.0" encoding="UTF-8"?>
<!-- Generated by org.testng.reporters.JUnitReportReporter -->
<testsuite hostname="DESKTOP-SH9K9LC" failures="0" tests="1" name="src2.RunnerScript" time="8.245" errors="0" timestamp="2023-12-14T17:09:38 IST" skipped="0">
  <testcase classname="src2.RunnerScript" name="validlogin" time="8.245"/>
  <system-out/>
</testsuite> <!-- src2.RunnerScript -->
