<?xml version="1.0" encoding="UTF-8"?>
<!-- Generated by org.testng.reporters.JUnitReportReporter -->
<testsuite hostname="DESKTOP-SH9K9LC" failures="0" tests="1" name="src2.demo1" time="0.016" errors="0" timestamp="2023-12-12T17:18:25 IST" skipped="0">
  <testcase classname="src2.demo1" name="test1" time="0.016"/>
  <system-out>
    <![CDATA[Hello]]>
  </system-out>
</testsuite> <!-- src2.demo1 -->
