<?xml version="1.0" encoding="UTF-8"?>
<!-- Generated by org.testng.reporters.JUnitReportReporter -->
<testsuite hostname="DESKTOP-SH9K9LC" failures="0" tests="2" name="src2.RunnerScript2" time="18.576" errors="0" timestamp="2023-12-14T15:47:33 IST" skipped="0">
  <testcase classname="src2.RunnerScript2" name="login2" time="11.888"/>
  <system-out/>
  <testcase classname="src2.RunnerScript2" name="login" time="6.688"/>
  <system-out/>
</testsuite> <!-- src2.RunnerScript2 -->
